Determining if the pthread_create exist failed with the following output:
Change Dir: /home/yamaguchi/test_ros/catkin_ws/build/CMakeFiles/CMakeTmp

Run Build Command:"/usr/bin/make" "cmTC_c0859/fast"
/usr/bin/make -f CMakeFiles/cmTC_c0859.dir/build.make CMakeFiles/cmTC_c0859.dir/build
make[1]: ディレクトリ '/home/yamaguchi/test_ros/catkin_ws/build/CMakeFiles/CMakeTmp' に入ります
Building C object CMakeFiles/cmTC_c0859.dir/CheckSymbolExists.c.o
/usr/bin/cc    -o CMakeFiles/cmTC_c0859.dir/CheckSymbolExists.c.o   -c /home/yamaguchi/test_ros/catkin_ws/build/CMakeFiles/CMakeTmp/CheckSymbolExists.c
Linking C executable cmTC_c0859
/usr/bin/cmake -E cmake_link_script CMakeFiles/cmTC_c0859.dir/link.txt --verbose=1
/usr/bin/cc      -rdynamic CMakeFiles/cmTC_c0859.dir/CheckSymbolExists.c.o  -o cmTC_c0859 
CMakeFiles/cmTC_c0859.dir/CheckSymbolExists.c.o: 関数 `main' 内:
CheckSymbolExists.c:(.text+0x1b): `pthread_create' に対する定義されていない参照です
collect2: error: ld returned 1 exit status
CMakeFiles/cmTC_c0859.dir/build.make:97: recipe for target 'cmTC_c0859' failed
make[1]: *** [cmTC_c0859] Error 1
make[1]: ディレクトリ '/home/yamaguchi/test_ros/catkin_ws/build/CMakeFiles/CMakeTmp' から出ます
Makefile:126: recipe for target 'cmTC_c0859/fast' failed
make: *** [cmTC_c0859/fast] Error 2

File /home/yamaguchi/test_ros/catkin_ws/build/CMakeFiles/CMakeTmp/CheckSymbolExists.c:
/* */
#include <pthread.h>

int main(int argc, char** argv)
{
  (void)argv;
#ifndef pthread_create
  return ((int*)(&pthread_create))[argc];
#else
  (void)argc;
  return 0;
#endif
}

Determining if the function pthread_create exists in the pthreads failed with the following output:
Change Dir: /home/yamaguchi/test_ros/catkin_ws/build/CMakeFiles/CMakeTmp

Run Build Command:"/usr/bin/make" "cmTC_5e734/fast"
/usr/bin/make -f CMakeFiles/cmTC_5e734.dir/build.make CMakeFiles/cmTC_5e734.dir/build
make[1]: ディレクトリ '/home/yamaguchi/test_ros/catkin_ws/build/CMakeFiles/CMakeTmp' に入ります
Building C object CMakeFiles/cmTC_5e734.dir/CheckFunctionExists.c.o
/usr/bin/cc   -DCHECK_FUNCTION_EXISTS=pthread_create   -o CMakeFiles/cmTC_5e734.dir/CheckFunctionExists.c.o   -c /usr/share/cmake-3.10/Modules/CheckFunctionExists.c
Linking C executable cmTC_5e734
/usr/bin/cmake -E cmake_link_script CMakeFiles/cmTC_5e734.dir/link.txt --verbose=1
/usr/bin/cc  -DCHECK_FUNCTION_EXISTS=pthread_create    -rdynamic CMakeFiles/cmTC_5e734.dir/CheckFunctionExists.c.o  -o cmTC_5e734 -lpthreads 
/usr/bin/ld: -lpthreads が見つかりません
collect2: error: ld returned 1 exit status
CMakeFiles/cmTC_5e734.dir/build.make:97: recipe for target 'cmTC_5e734' failed
make[1]: *** [cmTC_5e734] Error 1
make[1]: ディレクトリ '/home/yamaguchi/test_ros/catkin_ws/build/CMakeFiles/CMakeTmp' から出ます
Makefile:126: recipe for target 'cmTC_5e734/fast' failed
make: *** [cmTC_5e734/fast] Error 2


